<?xml version="1.0" encoding="UTF-8"?>
<testsuite name="GameOFLifeTest" tests="1" skipped="0" failures="0" errors="0" timestamp="2019-10-06T09:15:22" hostname="Sushants-MacBook-Pro.local" time="0.0">
  <properties/>
  <testcase name="givenOneClusterWithAllDead_whenApplyNoCondition_thenReturnEvolveClusterOFAllDead" classname="GameOFLifeTest" time="0.0"/>
  <system-out><![CDATA[]]></system-out>
  <system-err><![CDATA[]]></system-err>
</testsuite>
